#! /usr/bin/vvp
:ivl_version "11.0 (stable)";
:ivl_delay_selection "TYPICAL";
:vpi_time_precision + 0;
:vpi_module "/usr/lib/x86_64-linux-gnu/ivl/system.vpi";
:vpi_module "/usr/lib/x86_64-linux-gnu/ivl/vhdl_sys.vpi";
:vpi_module "/usr/lib/x86_64-linux-gnu/ivl/vhdl_textio.vpi";
:vpi_module "/usr/lib/x86_64-linux-gnu/ivl/v2005_math.vpi";
:vpi_module "/usr/lib/x86_64-linux-gnu/ivl/va_math.vpi";
S_0x55ec00ff6af0 .scope module, "tb" "tb" 2 3;
 .timescale 0 0;
v0x55ec01035a00_0 .var "clk", 0 0;
v0x55ec01035ac0_0 .var "data_in", 7 0;
v0x55ec01035b60_0 .net "data_out", 7 0, L_0x55ec01035d70;  1 drivers
v0x55ec01035c00_0 .var "init", 0 0;
v0x55ec01035cd0_0 .var "rst", 0 0;
S_0x55ec00ffce90 .scope module, "block" "toplevel" 2 11, 3 5 0, S_0x55ec00ff6af0;
 .timescale 0 0;
    .port_info 0 /INPUT 1 "clk";
    .port_info 1 /INPUT 1 "rst";
    .port_info 2 /INPUT 8 "data_in";
    .port_info 3 /INPUT 1 "init";
    .port_info 4 /OUTPUT 8 "data_out";
L_0x55ec01035d70 .functor BUFZ 8, v0x55ec01034860_0, C4<00000000>, C4<00000000>, C4<00000000>;
L_0x55ec01035e30 .functor NOT 1, v0x55ec01035c00_0, C4<0>, C4<0>, C4<0>;
L_0x55ec010368a0 .functor XOR 1, L_0x55ec01036540, L_0x55ec01036720, C4<0>, C4<0>;
L_0x55ec01036af0 .functor XOR 1, L_0x55ec01036a00, L_0x55ec01036c00, C4<0>, C4<0>;
L_0x55ec010372f0 .functor XOR 1, L_0x55ec01036f10, L_0x55ec01037130, C4<0>, C4<0>;
L_0x55ec01037b90 .functor NOT 1, L_0x55ec01035e30, C4<0>, C4<0>, C4<0>;
v0x55ec00ffe2d0_0 .net *"_ivl_13", 0 0, L_0x55ec010362f0;  1 drivers
v0x55ec01033cf0_0 .net *"_ivl_17", 0 0, L_0x55ec010364a0;  1 drivers
v0x55ec01033dd0_0 .net *"_ivl_21", 0 0, L_0x55ec01036680;  1 drivers
v0x55ec01033e90_0 .net *"_ivl_27", 0 0, L_0x55ec01036960;  1 drivers
v0x55ec01033f70_0 .net *"_ivl_31", 0 0, L_0x55ec01036b60;  1 drivers
v0x55ec010340a0_0 .net *"_ivl_37", 0 0, L_0x55ec01036e70;  1 drivers
v0x55ec01034180_0 .net *"_ivl_41", 0 0, L_0x55ec01037090;  1 drivers
v0x55ec01034260_0 .net *"_ivl_47", 0 0, L_0x55ec01037400;  1 drivers
v0x55ec01034340_0 .net *"_ivl_5", 0 0, L_0x55ec01035f20;  1 drivers
v0x55ec01034420_0 .net *"_ivl_51", 0 0, L_0x55ec01037250;  1 drivers
v0x55ec01034500_0 .net *"_ivl_9", 0 0, L_0x55ec01036100;  1 drivers
v0x55ec010345e0_0 .net "clk", 0 0, v0x55ec01035a00_0;  1 drivers
v0x55ec010346a0_0 .net "data_in", 7 0, v0x55ec01035ac0_0;  1 drivers
v0x55ec01034780_0 .net "data_out", 7 0, L_0x55ec01035d70;  alias, 1 drivers
v0x55ec01034860_0 .var "data_reg", 7 0;
v0x55ec01034940_0 .net "init", 0 0, v0x55ec01035c00_0;  1 drivers
v0x55ec01034a00_0 .net "rst", 0 0, v0x55ec01035cd0_0;  1 drivers
v0x55ec01034ac0_0 .net "tmp0", 0 0, L_0x55ec01035e30;  1 drivers
v0x55ec01034b80_0 .net "tmp1", 0 0, L_0x55ec01036010;  1 drivers
v0x55ec01034c40_0 .net "tmp10", 0 0, L_0x55ec01036f10;  1 drivers
v0x55ec01034d00_0 .net "tmp11", 0 0, L_0x55ec01037130;  1 drivers
v0x55ec01034dc0_0 .net "tmp12", 0 0, L_0x55ec010372f0;  1 drivers
v0x55ec01034e80_0 .net "tmp13", 0 0, L_0x55ec010374a0;  1 drivers
v0x55ec01034f40_0 .net "tmp14", 0 0, L_0x55ec01037640;  1 drivers
v0x55ec01035000_0 .net "tmp15", 7 0, L_0x55ec01037820;  1 drivers
v0x55ec010350e0_0 .net "tmp16", 0 0, L_0x55ec01037b90;  1 drivers
v0x55ec010351a0_0 .net "tmp17", 7 0, L_0x55ec01037c90;  1 drivers
v0x55ec01035280_0 .net "tmp18", 7 0, L_0x55ec01037e50;  1 drivers
v0x55ec01035360_0 .net "tmp2", 0 0, L_0x55ec010361a0;  1 drivers
v0x55ec01035420_0 .net "tmp3", 0 0, L_0x55ec01036390;  1 drivers
v0x55ec010354e0_0 .net "tmp4", 0 0, L_0x55ec01036540;  1 drivers
v0x55ec010355a0_0 .net "tmp5", 0 0, L_0x55ec01036720;  1 drivers
v0x55ec01035660_0 .net "tmp6", 0 0, L_0x55ec010368a0;  1 drivers
v0x55ec01035720_0 .net "tmp7", 0 0, L_0x55ec01036a00;  1 drivers
v0x55ec010357e0_0 .net "tmp8", 0 0, L_0x55ec01036c00;  1 drivers
v0x55ec010358a0_0 .net "tmp9", 0 0, L_0x55ec01036af0;  1 drivers
E_0x55ec0100fc30 .event posedge, v0x55ec010345e0_0;
L_0x55ec01035f20 .part v0x55ec01034860_0, 6, 1;
L_0x55ec01036010 .concat [ 1 0 0 0], L_0x55ec01035f20;
L_0x55ec01036100 .part v0x55ec01034860_0, 5, 1;
L_0x55ec010361a0 .concat [ 1 0 0 0], L_0x55ec01036100;
L_0x55ec010362f0 .part v0x55ec01034860_0, 4, 1;
L_0x55ec01036390 .concat [ 1 0 0 0], L_0x55ec010362f0;
L_0x55ec010364a0 .part v0x55ec01034860_0, 3, 1;
L_0x55ec01036540 .concat [ 1 0 0 0], L_0x55ec010364a0;
L_0x55ec01036680 .part v0x55ec01034860_0, 7, 1;
L_0x55ec01036720 .concat [ 1 0 0 0], L_0x55ec01036680;
L_0x55ec01036960 .part v0x55ec01034860_0, 2, 1;
L_0x55ec01036a00 .concat [ 1 0 0 0], L_0x55ec01036960;
L_0x55ec01036b60 .part v0x55ec01034860_0, 7, 1;
L_0x55ec01036c00 .concat [ 1 0 0 0], L_0x55ec01036b60;
L_0x55ec01036e70 .part v0x55ec01034860_0, 1, 1;
L_0x55ec01036f10 .concat [ 1 0 0 0], L_0x55ec01036e70;
L_0x55ec01037090 .part v0x55ec01034860_0, 7, 1;
L_0x55ec01037130 .concat [ 1 0 0 0], L_0x55ec01037090;
L_0x55ec01037400 .part v0x55ec01034860_0, 0, 1;
L_0x55ec010374a0 .concat [ 1 0 0 0], L_0x55ec01037400;
L_0x55ec01037250 .part v0x55ec01034860_0, 7, 1;
L_0x55ec01037640 .concat [ 1 0 0 0], L_0x55ec01037250;
LS_0x55ec01037820_0_0 .concat [ 1 1 1 1], L_0x55ec01037640, L_0x55ec010374a0, L_0x55ec010372f0, L_0x55ec01036af0;
LS_0x55ec01037820_0_4 .concat [ 1 1 1 1], L_0x55ec010368a0, L_0x55ec01036390, L_0x55ec010361a0, L_0x55ec01036010;
L_0x55ec01037820 .concat [ 4 4 0 0], LS_0x55ec01037820_0_0, LS_0x55ec01037820_0_4;
L_0x55ec01037c90 .functor MUXZ 8, v0x55ec01034860_0, L_0x55ec01037820, L_0x55ec01035e30, C4<>;
L_0x55ec01037e50 .functor MUXZ 8, L_0x55ec01037c90, v0x55ec01035ac0_0, L_0x55ec01037b90, C4<>;
    .scope S_0x55ec00ffce90;
T_0 ;
    %wait E_0x55ec0100fc30;
    %load/vec4 v0x55ec01034a00_0;
    %flag_set/vec4 8;
    %jmp/0xz  T_0.0, 8;
    %pushi/vec4 0, 0, 8;
    %assign/vec4 v0x55ec01034860_0, 0;
    %jmp T_0.1;
T_0.0 ;
    %load/vec4 v0x55ec01035280_0;
    %assign/vec4 v0x55ec01034860_0, 0;
T_0.1 ;
    %jmp T_0;
    .thread T_0;
    .scope S_0x55ec00ff6af0;
T_1 ;
    %delay 5, 0;
    %load/vec4 v0x55ec01035a00_0;
    %inv;
    %store/vec4 v0x55ec01035a00_0, 0, 1;
    %jmp T_1;
    .thread T_1;
    .scope S_0x55ec00ff6af0;
T_2 ;
    %vpi_call 2 17 "$dumpfile", "lfsr_behavioral.vcd" {0 0 0};
    %vpi_call 2 18 "$dumpvars" {0 0 0};
    %pushi/vec4 0, 0, 1;
    %store/vec4 v0x55ec01035a00_0, 0, 1;
    %pushi/vec4 0, 0, 1;
    %store/vec4 v0x55ec01035cd0_0, 0, 1;
    %pushi/vec4 0, 0, 8;
    %store/vec4 v0x55ec01034860_0, 0, 8;
    %pushi/vec4 0, 0, 8;
    %store/vec4 v0x55ec01035ac0_0, 0, 8;
    %pushi/vec4 0, 0, 1;
    %store/vec4 v0x55ec01035c00_0, 0, 1;
    %delay 10, 0;
    %pushi/vec4 165, 0, 8;
    %store/vec4 v0x55ec01035ac0_0, 0, 8;
    %pushi/vec4 1, 0, 1;
    %store/vec4 v0x55ec01035c00_0, 0, 1;
    %delay 10, 0;
    %pushi/vec4 0, 0, 8;
    %store/vec4 v0x55ec01035ac0_0, 0, 8;
    %pushi/vec4 0, 0, 1;
    %store/vec4 v0x55ec01035c00_0, 0, 1;
    %delay 10, 0;
    %pushi/vec4 0, 0, 8;
    %store/vec4 v0x55ec01035ac0_0, 0, 8;
    %pushi/vec4 0, 0, 1;
    %store/vec4 v0x55ec01035c00_0, 0, 1;
    %delay 10, 0;
    %pushi/vec4 0, 0, 8;
    %store/vec4 v0x55ec01035ac0_0, 0, 8;
    %pushi/vec4 0, 0, 1;
    %store/vec4 v0x55ec01035c00_0, 0, 1;
    %delay 10, 0;
    %pushi/vec4 0, 0, 8;
    %store/vec4 v0x55ec01035ac0_0, 0, 8;
    %pushi/vec4 0, 0, 1;
    %store/vec4 v0x55ec01035c00_0, 0, 1;
    %delay 10, 0;
    %pushi/vec4 0, 0, 8;
    %store/vec4 v0x55ec01035ac0_0, 0, 8;
    %pushi/vec4 0, 0, 1;
    %store/vec4 v0x55ec01035c00_0, 0, 1;
    %delay 10, 0;
    %pushi/vec4 0, 0, 8;
    %store/vec4 v0x55ec01035ac0_0, 0, 8;
    %pushi/vec4 0, 0, 1;
    %store/vec4 v0x55ec01035c00_0, 0, 1;
    %delay 10, 0;
    %pushi/vec4 0, 0, 8;
    %store/vec4 v0x55ec01035ac0_0, 0, 8;
    %pushi/vec4 0, 0, 1;
    %store/vec4 v0x55ec01035c00_0, 0, 1;
    %delay 10, 0;
    %pushi/vec4 0, 0, 8;
    %store/vec4 v0x55ec01035ac0_0, 0, 8;
    %pushi/vec4 0, 0, 1;
    %store/vec4 v0x55ec01035c00_0, 0, 1;
    %delay 10, 0;
    %pushi/vec4 0, 0, 8;
    %store/vec4 v0x55ec01035ac0_0, 0, 8;
    %pushi/vec4 0, 0, 1;
    %store/vec4 v0x55ec01035c00_0, 0, 1;
    %delay 10, 0;
    %pushi/vec4 0, 0, 8;
    %store/vec4 v0x55ec01035ac0_0, 0, 8;
    %pushi/vec4 0, 0, 1;
    %store/vec4 v0x55ec01035c00_0, 0, 1;
    %delay 10, 0;
    %pushi/vec4 165, 0, 8;
    %store/vec4 v0x55ec01035ac0_0, 0, 8;
    %pushi/vec4 1, 0, 1;
    %store/vec4 v0x55ec01035c00_0, 0, 1;
    %delay 10, 0;
    %pushi/vec4 0, 0, 8;
    %store/vec4 v0x55ec01035ac0_0, 0, 8;
    %pushi/vec4 0, 0, 1;
    %store/vec4 v0x55ec01035c00_0, 0, 1;
    %delay 10, 0;
    %pushi/vec4 0, 0, 8;
    %store/vec4 v0x55ec01035ac0_0, 0, 8;
    %pushi/vec4 0, 0, 1;
    %store/vec4 v0x55ec01035c00_0, 0, 1;
    %delay 10, 0;
    %pushi/vec4 0, 0, 8;
    %store/vec4 v0x55ec01035ac0_0, 0, 8;
    %pushi/vec4 0, 0, 1;
    %store/vec4 v0x55ec01035c00_0, 0, 1;
    %delay 10, 0;
    %pushi/vec4 0, 0, 8;
    %store/vec4 v0x55ec01035ac0_0, 0, 8;
    %pushi/vec4 0, 0, 1;
    %store/vec4 v0x55ec01035c00_0, 0, 1;
    %delay 10, 0;
    %pushi/vec4 0, 0, 8;
    %store/vec4 v0x55ec01035ac0_0, 0, 8;
    %pushi/vec4 0, 0, 1;
    %store/vec4 v0x55ec01035c00_0, 0, 1;
    %delay 10, 0;
    %pushi/vec4 0, 0, 8;
    %store/vec4 v0x55ec01035ac0_0, 0, 8;
    %pushi/vec4 0, 0, 1;
    %store/vec4 v0x55ec01035c00_0, 0, 1;
    %delay 10, 0;
    %pushi/vec4 0, 0, 8;
    %store/vec4 v0x55ec01035ac0_0, 0, 8;
    %pushi/vec4 0, 0, 1;
    %store/vec4 v0x55ec01035c00_0, 0, 1;
    %delay 10, 0;
    %pushi/vec4 0, 0, 8;
    %store/vec4 v0x55ec01035ac0_0, 0, 8;
    %pushi/vec4 0, 0, 1;
    %store/vec4 v0x55ec01035c00_0, 0, 1;
    %delay 10, 0;
    %pushi/vec4 0, 0, 8;
    %store/vec4 v0x55ec01035ac0_0, 0, 8;
    %pushi/vec4 0, 0, 1;
    %store/vec4 v0x55ec01035c00_0, 0, 1;
    %delay 10, 0;
    %pushi/vec4 0, 0, 8;
    %store/vec4 v0x55ec01035ac0_0, 0, 8;
    %pushi/vec4 0, 0, 1;
    %store/vec4 v0x55ec01035c00_0, 0, 1;
    %delay 10, 0;
    %pushi/vec4 0, 0, 8;
    %store/vec4 v0x55ec01035ac0_0, 0, 8;
    %pushi/vec4 0, 0, 1;
    %store/vec4 v0x55ec01035c00_0, 0, 1;
    %delay 10, 0;
    %vpi_call 2 119 "$finish" {0 0 0};
    %end;
    .thread T_2;
# The file index is used to find the file name in the following table.
:file_names 4;
    "N/A";
    "<interactive>";
    "lfsr_behavioral_tb.v";
    "./lfsr_behavioral.v";
