#! /usr/bin/vvp
:ivl_version "11.0 (stable)";
:ivl_delay_selection "TYPICAL";
:vpi_time_precision + 0;
:vpi_module "/usr/lib/x86_64-linux-gnu/ivl/system.vpi";
:vpi_module "/usr/lib/x86_64-linux-gnu/ivl/vhdl_sys.vpi";
:vpi_module "/usr/lib/x86_64-linux-gnu/ivl/vhdl_textio.vpi";
:vpi_module "/usr/lib/x86_64-linux-gnu/ivl/v2005_math.vpi";
:vpi_module "/usr/lib/x86_64-linux-gnu/ivl/va_math.vpi";
S_0x5624b5842de0 .scope module, "tb" "tb" 2 3;
 .timescale 0 0;
v0x5624b5885e60_0 .net "Output", 7 0, L_0x5624b58861f0;  1 drivers
v0x5624b5885f40_0 .var "clk", 0 0;
v0x5624b5885fe0_0 .var "init", 0 0;
v0x5624b5886080_0 .var "initial_data", 7 0;
v0x5624b5886150_0 .var "rst", 0 0;
S_0x5624b58498e0 .scope module, "block" "toplevel" 2 11, 3 5 0, S_0x5624b5842de0;
 .timescale 0 0;
    .port_info 0 /INPUT 1 "clk";
    .port_info 1 /INPUT 1 "rst";
    .port_info 2 /INPUT 1 "init";
    .port_info 3 /INPUT 8 "initial_data";
    .port_info 4 /OUTPUT 8 "Output";
L_0x5624b58861f0 .functor BUFZ 8, L_0x5624b58862b0, C4<00000000>, C4<00000000>, C4<00000000>;
L_0x5624b5886c20 .functor XOR 1, v0x5624b5884640_0, v0x5624b5884ac0_0, C4<0>, C4<0>;
L_0x5624b5886f70 .functor XOR 1, v0x5624b5884700_0, v0x5624b5884ac0_0, C4<0>, C4<0>;
L_0x5624b58873b0 .functor XOR 1, v0x5624b58847c0_0, v0x5624b5884ac0_0, C4<0>, C4<0>;
v0x5624b583dc70_0 .net "Output", 7 0, L_0x5624b58861f0;  alias, 1 drivers
v0x5624b5883e50_0 .net *"_ivl_11", 0 0, L_0x5624b5886910;  1 drivers
v0x5624b5883f30_0 .net *"_ivl_19", 0 0, L_0x5624b5886ce0;  1 drivers
v0x5624b5883ff0_0 .net *"_ivl_27", 0 0, L_0x5624b58870c0;  1 drivers
v0x5624b58840d0_0 .net *"_ivl_35", 0 0, L_0x5624b58874a0;  1 drivers
v0x5624b5884200_0 .net *"_ivl_41", 0 0, L_0x5624b5887880;  1 drivers
v0x5624b58842e0_0 .net *"_ivl_47", 0 0, L_0x5624b5887bf0;  1 drivers
v0x5624b58843c0_0 .net *"_ivl_5", 0 0, L_0x5624b5886540;  1 drivers
v0x5624b58844a0_0 .net *"_ivl_53", 0 0, L_0x5624b5887f90;  1 drivers
v0x5624b5884580_0 .var "bit0_out", 0 0;
v0x5624b5884640_0 .var "bit1_out", 0 0;
v0x5624b5884700_0 .var "bit2_out", 0 0;
v0x5624b58847c0_0 .var "bit3_out", 0 0;
v0x5624b5884880_0 .var "bit4_out", 0 0;
v0x5624b5884940_0 .var "bit5_out", 0 0;
v0x5624b5884a00_0 .var "bit6_out", 0 0;
v0x5624b5884ac0_0 .var "bit7_out", 0 0;
v0x5624b5884b80_0 .net "clk", 0 0, v0x5624b5885f40_0;  1 drivers
v0x5624b5884c40_0 .net "init", 0 0, v0x5624b5885fe0_0;  1 drivers
v0x5624b5884d00_0 .net "initial_data", 7 0, v0x5624b5886080_0;  1 drivers
v0x5624b5884de0_0 .net "rst", 0 0, v0x5624b5886150_0;  1 drivers
v0x5624b5884ea0_0 .net "tmp0", 7 0, L_0x5624b58862b0;  1 drivers
v0x5624b5884f80_0 .net "tmp1", 0 0, L_0x5624b5886660;  1 drivers
v0x5624b5885040_0 .net "tmp10", 0 0, L_0x5624b5887270;  1 drivers
v0x5624b5885100_0 .net "tmp11", 0 0, L_0x5624b58873b0;  1 drivers
v0x5624b58851c0_0 .net "tmp12", 0 0, L_0x5624b58875c0;  1 drivers
v0x5624b5885280_0 .net "tmp13", 0 0, L_0x5624b58876b0;  1 drivers
v0x5624b5885340_0 .net "tmp14", 0 0, L_0x5624b5887920;  1 drivers
v0x5624b5885400_0 .net "tmp15", 0 0, L_0x5624b5887ab0;  1 drivers
v0x5624b58854c0_0 .net "tmp16", 0 0, L_0x5624b5887a10;  1 drivers
v0x5624b5885580_0 .net "tmp17", 0 0, L_0x5624b5887d90;  1 drivers
v0x5624b5885640_0 .net "tmp18", 0 0, L_0x5624b5888030;  1 drivers
v0x5624b5885700_0 .net "tmp19", 0 0, L_0x5624b58881f0;  1 drivers
v0x5624b58857c0_0 .net "tmp2", 0 0, L_0x5624b5886750;  1 drivers
v0x5624b5885880_0 .net "tmp3", 0 0, L_0x5624b58869b0;  1 drivers
v0x5624b5885940_0 .net "tmp4", 0 0, L_0x5624b5886ae0;  1 drivers
v0x5624b5885a00_0 .net "tmp5", 0 0, L_0x5624b5886c20;  1 drivers
v0x5624b5885ac0_0 .net "tmp6", 0 0, L_0x5624b5886dd0;  1 drivers
v0x5624b5885b80_0 .net "tmp7", 0 0, L_0x5624b5886e70;  1 drivers
v0x5624b5885c40_0 .net "tmp8", 0 0, L_0x5624b5886f70;  1 drivers
v0x5624b5885d00_0 .net "tmp9", 0 0, L_0x5624b5887160;  1 drivers
E_0x5624b585d5f0 .event posedge, v0x5624b5884b80_0;
LS_0x5624b58862b0_0_0 .concat [ 1 1 1 1], v0x5624b5884580_0, v0x5624b5884640_0, v0x5624b5884700_0, v0x5624b58847c0_0;
LS_0x5624b58862b0_0_4 .concat [ 1 1 1 1], v0x5624b5884880_0, v0x5624b5884940_0, v0x5624b5884a00_0, v0x5624b5884ac0_0;
L_0x5624b58862b0 .concat [ 4 4 0 0], LS_0x5624b58862b0_0_0, LS_0x5624b58862b0_0_4;
L_0x5624b5886540 .part v0x5624b5886080_0, 0, 1;
L_0x5624b5886660 .concat [ 1 0 0 0], L_0x5624b5886540;
L_0x5624b5886750 .functor MUXZ 1, v0x5624b5884ac0_0, L_0x5624b5886660, v0x5624b5885fe0_0, C4<>;
L_0x5624b5886910 .part v0x5624b5886080_0, 1, 1;
L_0x5624b58869b0 .concat [ 1 0 0 0], L_0x5624b5886910;
L_0x5624b5886ae0 .functor MUXZ 1, v0x5624b5884580_0, L_0x5624b58869b0, v0x5624b5885fe0_0, C4<>;
L_0x5624b5886ce0 .part v0x5624b5886080_0, 2, 1;
L_0x5624b5886dd0 .concat [ 1 0 0 0], L_0x5624b5886ce0;
L_0x5624b5886e70 .functor MUXZ 1, L_0x5624b5886c20, L_0x5624b5886dd0, v0x5624b5885fe0_0, C4<>;
L_0x5624b58870c0 .part v0x5624b5886080_0, 3, 1;
L_0x5624b5887160 .concat [ 1 0 0 0], L_0x5624b58870c0;
L_0x5624b5887270 .functor MUXZ 1, L_0x5624b5886f70, L_0x5624b5887160, v0x5624b5885fe0_0, C4<>;
L_0x5624b58874a0 .part v0x5624b5886080_0, 4, 1;
L_0x5624b58875c0 .concat [ 1 0 0 0], L_0x5624b58874a0;
L_0x5624b58876b0 .functor MUXZ 1, L_0x5624b58873b0, L_0x5624b58875c0, v0x5624b5885fe0_0, C4<>;
L_0x5624b5887880 .part v0x5624b5886080_0, 5, 1;
L_0x5624b5887920 .concat [ 1 0 0 0], L_0x5624b5887880;
L_0x5624b5887ab0 .functor MUXZ 1, v0x5624b5884880_0, L_0x5624b5887920, v0x5624b5885fe0_0, C4<>;
L_0x5624b5887bf0 .part v0x5624b5886080_0, 6, 1;
L_0x5624b5887a10 .concat [ 1 0 0 0], L_0x5624b5887bf0;
L_0x5624b5887d90 .functor MUXZ 1, v0x5624b5884940_0, L_0x5624b5887a10, v0x5624b5885fe0_0, C4<>;
L_0x5624b5887f90 .part v0x5624b5886080_0, 7, 1;
L_0x5624b5888030 .concat [ 1 0 0 0], L_0x5624b5887f90;
L_0x5624b58881f0 .functor MUXZ 1, v0x5624b5884a00_0, L_0x5624b5888030, v0x5624b5885fe0_0, C4<>;
    .scope S_0x5624b58498e0;
T_0 ;
    %wait E_0x5624b585d5f0;
    %load/vec4 v0x5624b5884de0_0;
    %flag_set/vec4 8;
    %jmp/0xz  T_0.0, 8;
    %pushi/vec4 0, 0, 1;
    %assign/vec4 v0x5624b5884580_0, 0;
    %pushi/vec4 0, 0, 1;
    %assign/vec4 v0x5624b5884640_0, 0;
    %pushi/vec4 0, 0, 1;
    %assign/vec4 v0x5624b5884700_0, 0;
    %pushi/vec4 0, 0, 1;
    %assign/vec4 v0x5624b58847c0_0, 0;
    %pushi/vec4 0, 0, 1;
    %assign/vec4 v0x5624b5884880_0, 0;
    %pushi/vec4 0, 0, 1;
    %assign/vec4 v0x5624b5884940_0, 0;
    %pushi/vec4 0, 0, 1;
    %assign/vec4 v0x5624b5884a00_0, 0;
    %pushi/vec4 0, 0, 1;
    %assign/vec4 v0x5624b5884ac0_0, 0;
    %jmp T_0.1;
T_0.0 ;
    %load/vec4 v0x5624b58857c0_0;
    %assign/vec4 v0x5624b5884580_0, 0;
    %load/vec4 v0x5624b5885940_0;
    %assign/vec4 v0x5624b5884640_0, 0;
    %load/vec4 v0x5624b5885b80_0;
    %assign/vec4 v0x5624b5884700_0, 0;
    %load/vec4 v0x5624b5885040_0;
    %assign/vec4 v0x5624b58847c0_0, 0;
    %load/vec4 v0x5624b5885280_0;
    %assign/vec4 v0x5624b5884880_0, 0;
    %load/vec4 v0x5624b5885400_0;
    %assign/vec4 v0x5624b5884940_0, 0;
    %load/vec4 v0x5624b5885580_0;
    %assign/vec4 v0x5624b5884a00_0, 0;
    %load/vec4 v0x5624b5885700_0;
    %assign/vec4 v0x5624b5884ac0_0, 0;
T_0.1 ;
    %jmp T_0;
    .thread T_0;
    .scope S_0x5624b5842de0;
T_1 ;
    %delay 5, 0;
    %load/vec4 v0x5624b5885f40_0;
    %inv;
    %store/vec4 v0x5624b5885f40_0, 0, 1;
    %jmp T_1;
    .thread T_1;
    .scope S_0x5624b5842de0;
T_2 ;
    %vpi_call 2 17 "$dumpfile", "lfsr_structural.vcd" {0 0 0};
    %vpi_call 2 18 "$dumpvars" {0 0 0};
    %pushi/vec4 0, 0, 1;
    %store/vec4 v0x5624b5885f40_0, 0, 1;
    %pushi/vec4 0, 0, 1;
    %store/vec4 v0x5624b5886150_0, 0, 1;
    %pushi/vec4 0, 0, 1;
    %store/vec4 v0x5624b5884580_0, 0, 1;
    %pushi/vec4 0, 0, 1;
    %store/vec4 v0x5624b5884640_0, 0, 1;
    %pushi/vec4 0, 0, 1;
    %store/vec4 v0x5624b5884700_0, 0, 1;
    %pushi/vec4 0, 0, 1;
    %store/vec4 v0x5624b58847c0_0, 0, 1;
    %pushi/vec4 0, 0, 1;
    %store/vec4 v0x5624b5884880_0, 0, 1;
    %pushi/vec4 0, 0, 1;
    %store/vec4 v0x5624b5884940_0, 0, 1;
    %pushi/vec4 0, 0, 1;
    %store/vec4 v0x5624b5884a00_0, 0, 1;
    %pushi/vec4 0, 0, 1;
    %store/vec4 v0x5624b5884ac0_0, 0, 1;
    %pushi/vec4 0, 0, 1;
    %store/vec4 v0x5624b5885fe0_0, 0, 1;
    %pushi/vec4 0, 0, 8;
    %store/vec4 v0x5624b5886080_0, 0, 8;
    %delay 10, 0;
    %pushi/vec4 1, 0, 1;
    %store/vec4 v0x5624b5885fe0_0, 0, 1;
    %pushi/vec4 165, 0, 8;
    %store/vec4 v0x5624b5886080_0, 0, 8;
    %delay 10, 0;
    %pushi/vec4 0, 0, 1;
    %store/vec4 v0x5624b5885fe0_0, 0, 1;
    %pushi/vec4 165, 0, 8;
    %store/vec4 v0x5624b5886080_0, 0, 8;
    %delay 10, 0;
    %pushi/vec4 0, 0, 1;
    %store/vec4 v0x5624b5885fe0_0, 0, 1;
    %pushi/vec4 0, 0, 8;
    %store/vec4 v0x5624b5886080_0, 0, 8;
    %delay 10, 0;
    %pushi/vec4 0, 0, 1;
    %store/vec4 v0x5624b5885fe0_0, 0, 1;
    %pushi/vec4 0, 0, 8;
    %store/vec4 v0x5624b5886080_0, 0, 8;
    %delay 10, 0;
    %pushi/vec4 0, 0, 1;
    %store/vec4 v0x5624b5885fe0_0, 0, 1;
    %pushi/vec4 0, 0, 8;
    %store/vec4 v0x5624b5886080_0, 0, 8;
    %delay 10, 0;
    %pushi/vec4 0, 0, 1;
    %store/vec4 v0x5624b5885fe0_0, 0, 1;
    %pushi/vec4 0, 0, 8;
    %store/vec4 v0x5624b5886080_0, 0, 8;
    %delay 10, 0;
    %pushi/vec4 0, 0, 1;
    %store/vec4 v0x5624b5885fe0_0, 0, 1;
    %pushi/vec4 0, 0, 8;
    %store/vec4 v0x5624b5886080_0, 0, 8;
    %delay 10, 0;
    %pushi/vec4 0, 0, 1;
    %store/vec4 v0x5624b5885fe0_0, 0, 1;
    %pushi/vec4 0, 0, 8;
    %store/vec4 v0x5624b5886080_0, 0, 8;
    %delay 10, 0;
    %pushi/vec4 0, 0, 1;
    %store/vec4 v0x5624b5885fe0_0, 0, 1;
    %pushi/vec4 0, 0, 8;
    %store/vec4 v0x5624b5886080_0, 0, 8;
    %delay 10, 0;
    %pushi/vec4 0, 0, 1;
    %store/vec4 v0x5624b5885fe0_0, 0, 1;
    %pushi/vec4 0, 0, 8;
    %store/vec4 v0x5624b5886080_0, 0, 8;
    %delay 10, 0;
    %pushi/vec4 0, 0, 1;
    %store/vec4 v0x5624b5885fe0_0, 0, 1;
    %pushi/vec4 0, 0, 8;
    %store/vec4 v0x5624b5886080_0, 0, 8;
    %delay 10, 0;
    %pushi/vec4 1, 0, 1;
    %store/vec4 v0x5624b5885fe0_0, 0, 1;
    %pushi/vec4 165, 0, 8;
    %store/vec4 v0x5624b5886080_0, 0, 8;
    %delay 10, 0;
    %pushi/vec4 0, 0, 1;
    %store/vec4 v0x5624b5885fe0_0, 0, 1;
    %pushi/vec4 0, 0, 8;
    %store/vec4 v0x5624b5886080_0, 0, 8;
    %delay 10, 0;
    %pushi/vec4 0, 0, 1;
    %store/vec4 v0x5624b5885fe0_0, 0, 1;
    %pushi/vec4 0, 0, 8;
    %store/vec4 v0x5624b5886080_0, 0, 8;
    %delay 10, 0;
    %pushi/vec4 0, 0, 1;
    %store/vec4 v0x5624b5885fe0_0, 0, 1;
    %pushi/vec4 0, 0, 8;
    %store/vec4 v0x5624b5886080_0, 0, 8;
    %delay 10, 0;
    %pushi/vec4 0, 0, 1;
    %store/vec4 v0x5624b5885fe0_0, 0, 1;
    %pushi/vec4 0, 0, 8;
    %store/vec4 v0x5624b5886080_0, 0, 8;
    %delay 10, 0;
    %pushi/vec4 0, 0, 1;
    %store/vec4 v0x5624b5885fe0_0, 0, 1;
    %pushi/vec4 0, 0, 8;
    %store/vec4 v0x5624b5886080_0, 0, 8;
    %delay 10, 0;
    %pushi/vec4 0, 0, 1;
    %store/vec4 v0x5624b5885fe0_0, 0, 1;
    %pushi/vec4 0, 0, 8;
    %store/vec4 v0x5624b5886080_0, 0, 8;
    %delay 10, 0;
    %pushi/vec4 0, 0, 1;
    %store/vec4 v0x5624b5885fe0_0, 0, 1;
    %pushi/vec4 0, 0, 8;
    %store/vec4 v0x5624b5886080_0, 0, 8;
    %delay 10, 0;
    %pushi/vec4 0, 0, 1;
    %store/vec4 v0x5624b5885fe0_0, 0, 1;
    %pushi/vec4 0, 0, 8;
    %store/vec4 v0x5624b5886080_0, 0, 8;
    %delay 10, 0;
    %pushi/vec4 0, 0, 1;
    %store/vec4 v0x5624b5885fe0_0, 0, 1;
    %pushi/vec4 0, 0, 8;
    %store/vec4 v0x5624b5886080_0, 0, 8;
    %delay 10, 0;
    %pushi/vec4 0, 0, 1;
    %store/vec4 v0x5624b5885fe0_0, 0, 1;
    %pushi/vec4 0, 0, 8;
    %store/vec4 v0x5624b5886080_0, 0, 8;
    %delay 10, 0;
    %pushi/vec4 0, 0, 1;
    %store/vec4 v0x5624b5885fe0_0, 0, 1;
    %pushi/vec4 0, 0, 8;
    %store/vec4 v0x5624b5886080_0, 0, 8;
    %delay 10, 0;
    %vpi_call 2 126 "$finish" {0 0 0};
    %end;
    .thread T_2;
# The file index is used to find the file name in the following table.
:file_names 4;
    "N/A";
    "<interactive>";
    "lfsr_structural_tb.v";
    "./lfsr_structural.v";
